0 silly argv {
0 silly argv   _: [ 'create' ],
0 silly argv   lernaVersion: '3.20.2',
0 silly argv   '$0': '../../.npm/_npx/2805/bin/lerna',
0 silly argv   name: 'docs'
0 silly argv }
1 notice cli v3.20.2
2 verbose rootPath /home/codrin/Work/librarium
3 warn ENOREMOTE No git remote found, skipping repository property
4 error Error: canceled
4 error     at Interface.<anonymous> (/home/codrin/.npm/_npx/2805/lib/node_modules/lerna/node_modules/read/lib/read.js:66:13)
4 error     at Interface.emit (events.js:315:20)
4 error     at Interface._ttyWrite (readline.js:873:16)
4 error     at ReadStream.onkeypress (readline.js:213:10)
4 error     at ReadStream.emit (events.js:315:20)
4 error     at emitKeys (internal/readline/utils.js:335:14)
4 error     at emitKeys.next (<anonymous>)
4 error     at ReadStream.onData (readline.js:1140:36)
4 error     at ReadStream.emit (events.js:315:20)
4 error     at addChunk (_stream_readable.js:297:12)
4 error     at readableAddChunk (_stream_readable.js:273:9)
4 error     at ReadStream.Readable.push (_stream_readable.js:214:10)
